{"/Users/danieldecalmer/Documents/Uni Local/2024/Tri 2/Software Frameworks/Assessment1/SFAssignment1/backend/db.js": {"path":"/Users/danieldecalmer/Documents/Uni Local/2024/Tri 2/Software Frameworks/Assessment1/SFAssignment1/backend/db.js","statementMap":{"0":{"start":{"line":1,"column":24},"end":{"line":1,"column":42}},"1":{"start":{"line":3,"column":12},"end":{"line":3,"column":58}},"2":{"start":{"line":4,"column":15},"end":{"line":4,"column":35}},"3":{"start":{"line":8,"column":2},"end":{"line":15,"column":3}},"4":{"start":{"line":9,"column":4},"end":{"line":14,"column":5}},"5":{"start":{"line":10,"column":6},"end":{"line":10,"column":29}},"6":{"start":{"line":11,"column":6},"end":{"line":11,"column":43}},"7":{"start":{"line":13,"column":6},"end":{"line":13,"column":58}},"8":{"start":{"line":16,"column":2},"end":{"line":16,"column":12}},"9":{"start":{"line":19,"column":0},"end":{"line":19,"column":39}}},"fnMap":{"0":{"name":"connectToDatabase","decl":{"start":{"line":7,"column":15},"end":{"line":7,"column":32}},"loc":{"start":{"line":7,"column":35},"end":{"line":17,"column":1}},"line":7}},"branchMap":{"0":{"loc":{"start":{"line":8,"column":2},"end":{"line":15,"column":3}},"type":"if","locations":[{"start":{"line":8,"column":2},"end":{"line":15,"column":3}},{"start":{},"end":{}}],"line":8}},"s":{"0":1,"1":1,"2":1,"3":1,"4":1,"5":1,"6":0,"7":0,"8":0,"9":1},"f":{"0":1},"b":{"0":[1,0]},"_coverageSchema":"1a1c01bbd47fc00a2c39e90264f33305004495a9","hash":"2786516f44cad490ee44f08ec6bd4e85027dfeec"}
,"/Users/danieldecalmer/Documents/Uni Local/2024/Tri 2/Software Frameworks/Assessment1/SFAssignment1/backend/server.js": {"path":"/Users/danieldecalmer/Documents/Uni Local/2024/Tri 2/Software Frameworks/Assessment1/SFAssignment1/backend/server.js","statementMap":{"0":{"start":{"line":1,"column":16},"end":{"line":1,"column":34}},"1":{"start":{"line":2,"column":13},"end":{"line":2,"column":28}},"2":{"start":{"line":3,"column":16},"end":{"line":3,"column":42}},"3":{"start":{"line":4,"column":23},"end":{"line":4,"column":38}},"4":{"start":{"line":5,"column":11},"end":{"line":5,"column":24}},"5":{"start":{"line":6,"column":13},"end":{"line":6,"column":28}},"6":{"start":{"line":7,"column":12},"end":{"line":7,"column":21}},"7":{"start":{"line":8,"column":13},"end":{"line":8,"column":17}},"8":{"start":{"line":9,"column":30},"end":{"line":9,"column":45}},"9":{"start":{"line":10,"column":19},"end":{"line":10,"column":39}},"10":{"start":{"line":11,"column":13},"end":{"line":11,"column":28}},"11":{"start":{"line":12,"column":15},"end":{"line":12,"column":37}},"12":{"start":{"line":13,"column":15},"end":{"line":13,"column":32}},"13":{"start":{"line":16,"column":18},"end":{"line":16,"column":66}},"14":{"start":{"line":19,"column":23},"end":{"line":19,"column":69}},"15":{"start":{"line":22,"column":0},"end":{"line":24,"column":1}},"16":{"start":{"line":23,"column":2},"end":{"line":23,"column":47}},"17":{"start":{"line":27,"column":0},"end":{"line":29,"column":1}},"18":{"start":{"line":28,"column":2},"end":{"line":28,"column":52}},"19":{"start":{"line":32,"column":16},"end":{"line":40,"column":2}},"20":{"start":{"line":34,"column":4},"end":{"line":34,"column":24}},"21":{"start":{"line":37,"column":25},"end":{"line":37,"column":75}},"22":{"start":{"line":38,"column":4},"end":{"line":38,"column":84}},"23":{"start":{"line":43,"column":21},"end":{"line":51,"column":2}},"24":{"start":{"line":45,"column":4},"end":{"line":45,"column":29}},"25":{"start":{"line":48,"column":25},"end":{"line":48,"column":75}},"26":{"start":{"line":49,"column":4},"end":{"line":49,"column":84}},"27":{"start":{"line":53,"column":15},"end":{"line":53,"column":43}},"28":{"start":{"line":55,"column":20},"end":{"line":55,"column":53}},"29":{"start":{"line":57,"column":11},"end":{"line":63,"column":2}},"30":{"start":{"line":67,"column":18},"end":{"line":67,"column":20}},"31":{"start":{"line":70,"column":0},"end":{"line":85,"column":5}},"32":{"start":{"line":71,"column":2},"end":{"line":84,"column":3}},"33":{"start":{"line":72,"column":4},"end":{"line":72,"column":35}},"34":{"start":{"line":73,"column":4},"end":{"line":73,"column":45}},"35":{"start":{"line":74,"column":4},"end":{"line":74,"column":47}},"36":{"start":{"line":75,"column":4},"end":{"line":75,"column":51}},"37":{"start":{"line":77,"column":4},"end":{"line":81,"column":5}},"38":{"start":{"line":78,"column":6},"end":{"line":78,"column":63}},"39":{"start":{"line":80,"column":6},"end":{"line":80,"column":71}},"40":{"start":{"line":83,"column":4},"end":{"line":83,"column":58}},"41":{"start":{"line":87,"column":0},"end":{"line":142,"column":3}},"42":{"start":{"line":88,"column":2},"end":{"line":88,"column":44}},"43":{"start":{"line":91,"column":2},"end":{"line":116,"column":5}},"44":{"start":{"line":92,"column":48},"end":{"line":92,"column":52}},"45":{"start":{"line":94,"column":4},"end":{"line":115,"column":5}},"46":{"start":{"line":96,"column":19},"end":{"line":96,"column":70}},"47":{"start":{"line":97,"column":29},"end":{"line":97,"column":99}},"48":{"start":{"line":100,"column":6},"end":{"line":107,"column":9}},"49":{"start":{"line":109,"column":6},"end":{"line":109,"column":54}},"50":{"start":{"line":112,"column":6},"end":{"line":112,"column":70}},"51":{"start":{"line":114,"column":6},"end":{"line":114,"column":54}},"52":{"start":{"line":119,"column":2},"end":{"line":136,"column":5}},"53":{"start":{"line":120,"column":4},"end":{"line":135,"column":5}},"54":{"start":{"line":121,"column":6},"end":{"line":121,"column":27}},"55":{"start":{"line":122,"column":6},"end":{"line":122,"column":70}},"56":{"start":{"line":125,"column":21},"end":{"line":125,"column":87}},"57":{"start":{"line":128,"column":23},"end":{"line":128,"column":45}},"58":{"start":{"line":131,"column":6},"end":{"line":131,"column":44}},"59":{"start":{"line":132,"column":6},"end":{"line":132,"column":60}},"60":{"start":{"line":134,"column":6},"end":{"line":134,"column":55}},"61":{"start":{"line":139,"column":2},"end":{"line":141,"column":5}},"62":{"start":{"line":140,"column":4},"end":{"line":140,"column":49}},"63":{"start":{"line":146,"column":0},"end":{"line":148,"column":3}},"64":{"start":{"line":147,"column":2},"end":{"line":147,"column":60}},"65":{"start":{"line":151,"column":17},"end":{"line":163,"column":1}},"66":{"start":{"line":152,"column":2},"end":{"line":162,"column":3}},"67":{"start":{"line":154,"column":18},"end":{"line":154,"column":65}},"68":{"start":{"line":155,"column":19},"end":{"line":155,"column":67}},"69":{"start":{"line":156,"column":23},"end":{"line":156,"column":75}},"70":{"start":{"line":158,"column":4},"end":{"line":158,"column":41}},"71":{"start":{"line":160,"column":4},"end":{"line":160,"column":61}},"72":{"start":{"line":161,"column":4},"end":{"line":161,"column":53}},"73":{"start":{"line":166,"column":17},"end":{"line":197,"column":1}},"74":{"start":{"line":167,"column":2},"end":{"line":196,"column":3}},"75":{"start":{"line":169,"column":4},"end":{"line":175,"column":5}},"76":{"start":{"line":170,"column":6},"end":{"line":174,"column":8}},"77":{"start":{"line":178,"column":4},"end":{"line":184,"column":5}},"78":{"start":{"line":179,"column":6},"end":{"line":183,"column":8}},"79":{"start":{"line":187,"column":4},"end":{"line":193,"column":5}},"80":{"start":{"line":188,"column":6},"end":{"line":192,"column":8}},"81":{"start":{"line":195,"column":4},"end":{"line":195,"column":58}},"82":{"start":{"line":201,"column":36},"end":{"line":201,"column":46}},"83":{"start":{"line":203,"column":0},"end":{"line":203,"column":24}},"84":{"start":{"line":206,"column":0},"end":{"line":209,"column":4}},"85":{"start":{"line":212,"column":0},"end":{"line":217,"column":4}},"86":{"start":{"line":220,"column":0},"end":{"line":226,"column":3}},"87":{"start":{"line":221,"column":2},"end":{"line":225,"column":3}},"88":{"start":{"line":222,"column":4},"end":{"line":222,"column":31}},"89":{"start":{"line":224,"column":4},"end":{"line":224,"column":60}},"90":{"start":{"line":229,"column":0},"end":{"line":240,"column":3}},"91":{"start":{"line":230,"column":2},"end":{"line":239,"column":3}},"92":{"start":{"line":232,"column":29},"end":{"line":232,"column":52}},"93":{"start":{"line":233,"column":19},"end":{"line":233,"column":60}},"94":{"start":{"line":235,"column":4},"end":{"line":235,"column":21}},"95":{"start":{"line":237,"column":4},"end":{"line":237,"column":51}},"96":{"start":{"line":238,"column":4},"end":{"line":238,"column":64}},"97":{"start":{"line":243,"column":0},"end":{"line":251,"column":3}},"98":{"start":{"line":244,"column":2},"end":{"line":250,"column":3}},"99":{"start":{"line":245,"column":18},"end":{"line":245,"column":58}},"100":{"start":{"line":246,"column":4},"end":{"line":246,"column":32}},"101":{"start":{"line":248,"column":4},"end":{"line":248,"column":50}},"102":{"start":{"line":249,"column":4},"end":{"line":249,"column":63}},"103":{"start":{"line":254,"column":0},"end":{"line":287,"column":3}},"104":{"start":{"line":255,"column":24},"end":{"line":255,"column":34}},"105":{"start":{"line":256,"column":22},"end":{"line":256,"column":30}},"106":{"start":{"line":258,"column":2},"end":{"line":286,"column":3}},"107":{"start":{"line":260,"column":18},"end":{"line":260,"column":76}},"108":{"start":{"line":262,"column":4},"end":{"line":264,"column":5}},"109":{"start":{"line":263,"column":6},"end":{"line":263,"column":80}},"110":{"start":{"line":267,"column":4},"end":{"line":269,"column":5}},"111":{"start":{"line":268,"column":6},"end":{"line":268,"column":107}},"112":{"start":{"line":272,"column":4},"end":{"line":275,"column":6}},"113":{"start":{"line":278,"column":25},"end":{"line":278,"column":83}},"114":{"start":{"line":281,"column":4},"end":{"line":281,"column":123}},"115":{"start":{"line":284,"column":4},"end":{"line":284,"column":50}},"116":{"start":{"line":285,"column":4},"end":{"line":285,"column":92}},"117":{"start":{"line":290,"column":0},"end":{"line":332,"column":3}},"118":{"start":{"line":291,"column":33},"end":{"line":291,"column":43}},"119":{"start":{"line":292,"column":23},"end":{"line":292,"column":31}},"120":{"start":{"line":294,"column":2},"end":{"line":331,"column":3}},"121":{"start":{"line":296,"column":18},"end":{"line":296,"column":76}},"122":{"start":{"line":297,"column":4},"end":{"line":299,"column":5}},"123":{"start":{"line":298,"column":6},"end":{"line":298,"column":80}},"124":{"start":{"line":302,"column":17},"end":{"line":302,"column":77}},"125":{"start":{"line":303,"column":4},"end":{"line":305,"column":5}},"126":{"start":{"line":304,"column":6},"end":{"line":304,"column":78}},"127":{"start":{"line":308,"column":4},"end":{"line":310,"column":5}},"128":{"start":{"line":309,"column":6},"end":{"line":309,"column":107}},"129":{"start":{"line":313,"column":4},"end":{"line":315,"column":5}},"130":{"start":{"line":314,"column":6},"end":{"line":314,"column":102}},"131":{"start":{"line":318,"column":4},"end":{"line":321,"column":6}},"132":{"start":{"line":324,"column":25},"end":{"line":324,"column":83}},"133":{"start":{"line":326,"column":4},"end":{"line":326,"column":127}},"134":{"start":{"line":329,"column":4},"end":{"line":329,"column":52}},"135":{"start":{"line":330,"column":4},"end":{"line":330,"column":94}},"136":{"start":{"line":335,"column":0},"end":{"line":373,"column":3}},"137":{"start":{"line":336,"column":31},"end":{"line":336,"column":39}},"138":{"start":{"line":338,"column":2},"end":{"line":372,"column":3}},"139":{"start":{"line":340,"column":17},"end":{"line":340,"column":77}},"140":{"start":{"line":341,"column":4},"end":{"line":343,"column":5}},"141":{"start":{"line":342,"column":6},"end":{"line":342,"column":78}},"142":{"start":{"line":346,"column":25},"end":{"line":352,"column":5}},"143":{"start":{"line":355,"column":4},"end":{"line":358,"column":6}},"144":{"start":{"line":361,"column":4},"end":{"line":365,"column":7}},"145":{"start":{"line":367,"column":4},"end":{"line":367,"column":83}},"146":{"start":{"line":370,"column":4},"end":{"line":370,"column":48}},"147":{"start":{"line":371,"column":4},"end":{"line":371,"column":90}},"148":{"start":{"line":376,"column":0},"end":{"line":395,"column":3}},"149":{"start":{"line":377,"column":23},"end":{"line":377,"column":31}},"150":{"start":{"line":379,"column":2},"end":{"line":394,"column":3}},"151":{"start":{"line":381,"column":23},"end":{"line":381,"column":88}},"152":{"start":{"line":383,"column":4},"end":{"line":385,"column":5}},"153":{"start":{"line":384,"column":6},"end":{"line":384,"column":93}},"154":{"start":{"line":388,"column":4},"end":{"line":388,"column":72}},"155":{"start":{"line":390,"column":4},"end":{"line":390,"column":85}},"156":{"start":{"line":392,"column":4},"end":{"line":392,"column":50}},"157":{"start":{"line":393,"column":4},"end":{"line":393,"column":92}},"158":{"start":{"line":398,"column":0},"end":{"line":408,"column":3}},"159":{"start":{"line":399,"column":2},"end":{"line":407,"column":3}},"160":{"start":{"line":401,"column":24},"end":{"line":401,"column":74}},"161":{"start":{"line":403,"column":4},"end":{"line":403,"column":38}},"162":{"start":{"line":405,"column":4},"end":{"line":405,"column":57}},"163":{"start":{"line":406,"column":4},"end":{"line":406,"column":95}},"164":{"start":{"line":411,"column":0},"end":{"line":455,"column":3}},"165":{"start":{"line":412,"column":24},"end":{"line":412,"column":34}},"166":{"start":{"line":413,"column":21},"end":{"line":413,"column":29}},"167":{"start":{"line":415,"column":2},"end":{"line":454,"column":3}},"168":{"start":{"line":417,"column":18},"end":{"line":417,"column":76}},"169":{"start":{"line":418,"column":4},"end":{"line":420,"column":5}},"170":{"start":{"line":419,"column":6},"end":{"line":419,"column":80}},"171":{"start":{"line":423,"column":4},"end":{"line":425,"column":5}},"172":{"start":{"line":424,"column":6},"end":{"line":424,"column":93}},"173":{"start":{"line":428,"column":27},"end":{"line":428,"column":66}},"174":{"start":{"line":428,"column":53},"end":{"line":428,"column":65}},"175":{"start":{"line":431,"column":28},"end":{"line":431,"column":44}},"176":{"start":{"line":432,"column":4},"end":{"line":434,"column":5}},"177":{"start":{"line":433,"column":6},"end":{"line":433,"column":79}},"178":{"start":{"line":437,"column":4},"end":{"line":440,"column":6}},"179":{"start":{"line":443,"column":4},"end":{"line":446,"column":6}},"180":{"start":{"line":449,"column":4},"end":{"line":449,"column":87}},"181":{"start":{"line":452,"column":4},"end":{"line":452,"column":50}},"182":{"start":{"line":453,"column":4},"end":{"line":453,"column":92}},"183":{"start":{"line":458,"column":0},"end":{"line":490,"column":3}},"184":{"start":{"line":459,"column":24},"end":{"line":459,"column":34}},"185":{"start":{"line":460,"column":23},"end":{"line":460,"column":31}},"186":{"start":{"line":462,"column":2},"end":{"line":489,"column":3}},"187":{"start":{"line":464,"column":18},"end":{"line":464,"column":76}},"188":{"start":{"line":465,"column":4},"end":{"line":467,"column":5}},"189":{"start":{"line":466,"column":6},"end":{"line":466,"column":80}},"190":{"start":{"line":470,"column":4},"end":{"line":472,"column":5}},"191":{"start":{"line":471,"column":6},"end":{"line":471,"column":99}},"192":{"start":{"line":475,"column":4},"end":{"line":477,"column":5}},"193":{"start":{"line":476,"column":6},"end":{"line":476,"column":111}},"194":{"start":{"line":480,"column":4},"end":{"line":483,"column":6}},"195":{"start":{"line":485,"column":4},"end":{"line":485,"column":106}},"196":{"start":{"line":487,"column":4},"end":{"line":487,"column":63}},"197":{"start":{"line":488,"column":4},"end":{"line":488,"column":109}},"198":{"start":{"line":493,"column":0},"end":{"line":509,"column":3}},"199":{"start":{"line":494,"column":24},"end":{"line":494,"column":34}},"200":{"start":{"line":496,"column":2},"end":{"line":508,"column":3}},"201":{"start":{"line":498,"column":18},"end":{"line":498,"column":76}},"202":{"start":{"line":499,"column":4},"end":{"line":501,"column":5}},"203":{"start":{"line":500,"column":6},"end":{"line":500,"column":80}},"204":{"start":{"line":504,"column":4},"end":{"line":504,"column":50}},"205":{"start":{"line":506,"column":4},"end":{"line":506,"column":59}},"206":{"start":{"line":507,"column":4},"end":{"line":507,"column":101}},"207":{"start":{"line":512,"column":0},"end":{"line":555,"column":3}},"208":{"start":{"line":513,"column":24},"end":{"line":513,"column":34}},"209":{"start":{"line":514,"column":21},"end":{"line":514,"column":29}},"210":{"start":{"line":516,"column":2},"end":{"line":554,"column":3}},"211":{"start":{"line":518,"column":18},"end":{"line":518,"column":76}},"212":{"start":{"line":519,"column":4},"end":{"line":521,"column":5}},"213":{"start":{"line":520,"column":6},"end":{"line":520,"column":80}},"214":{"start":{"line":524,"column":4},"end":{"line":526,"column":5}},"215":{"start":{"line":525,"column":6},"end":{"line":525,"column":97}},"216":{"start":{"line":529,"column":4},"end":{"line":535,"column":6}},"217":{"start":{"line":538,"column":17},"end":{"line":538,"column":75}},"218":{"start":{"line":539,"column":4},"end":{"line":541,"column":5}},"219":{"start":{"line":540,"column":6},"end":{"line":540,"column":76}},"220":{"start":{"line":543,"column":4},"end":{"line":546,"column":6}},"221":{"start":{"line":549,"column":4},"end":{"line":549,"column":94}},"222":{"start":{"line":552,"column":4},"end":{"line":552,"column":58}},"223":{"start":{"line":553,"column":4},"end":{"line":553,"column":98}},"224":{"start":{"line":558,"column":0},"end":{"line":609,"column":3}},"225":{"start":{"line":559,"column":24},"end":{"line":559,"column":34}},"226":{"start":{"line":560,"column":23},"end":{"line":560,"column":31}},"227":{"start":{"line":562,"column":2},"end":{"line":608,"column":3}},"228":{"start":{"line":564,"column":18},"end":{"line":564,"column":76}},"229":{"start":{"line":565,"column":4},"end":{"line":567,"column":5}},"230":{"start":{"line":566,"column":6},"end":{"line":566,"column":80}},"231":{"start":{"line":570,"column":25},"end":{"line":574,"column":5}},"232":{"start":{"line":577,"column":4},"end":{"line":579,"column":5}},"233":{"start":{"line":578,"column":6},"end":{"line":578,"column":109}},"234":{"start":{"line":582,"column":4},"end":{"line":588,"column":5}},"235":{"start":{"line":583,"column":23},"end":{"line":583,"column":99}},"236":{"start":{"line":584,"column":6},"end":{"line":587,"column":8}},"237":{"start":{"line":591,"column":17},"end":{"line":591,"column":67}},"238":{"start":{"line":592,"column":4},"end":{"line":594,"column":5}},"239":{"start":{"line":593,"column":6},"end":{"line":593,"column":78}},"240":{"start":{"line":597,"column":4},"end":{"line":600,"column":6}},"241":{"start":{"line":603,"column":4},"end":{"line":603,"column":96}},"242":{"start":{"line":606,"column":4},"end":{"line":606,"column":60}},"243":{"start":{"line":607,"column":4},"end":{"line":607,"column":98}},"244":{"start":{"line":612,"column":0},"end":{"line":644,"column":3}},"245":{"start":{"line":613,"column":24},"end":{"line":613,"column":34}},"246":{"start":{"line":614,"column":21},"end":{"line":614,"column":29}},"247":{"start":{"line":616,"column":2},"end":{"line":643,"column":3}},"248":{"start":{"line":618,"column":17},"end":{"line":618,"column":75}},"249":{"start":{"line":619,"column":4},"end":{"line":621,"column":5}},"250":{"start":{"line":620,"column":6},"end":{"line":620,"column":65}},"251":{"start":{"line":624,"column":4},"end":{"line":630,"column":5}},"252":{"start":{"line":626,"column":6},"end":{"line":629,"column":8}},"253":{"start":{"line":633,"column":4},"end":{"line":636,"column":6}},"254":{"start":{"line":639,"column":4},"end":{"line":639,"column":91}},"255":{"start":{"line":641,"column":4},"end":{"line":641,"column":65}},"256":{"start":{"line":642,"column":4},"end":{"line":642,"column":116}},"257":{"start":{"line":647,"column":0},"end":{"line":694,"column":3}},"258":{"start":{"line":648,"column":31},"end":{"line":648,"column":39}},"259":{"start":{"line":650,"column":2},"end":{"line":693,"column":3}},"260":{"start":{"line":652,"column":24},"end":{"line":652,"column":77}},"261":{"start":{"line":653,"column":4},"end":{"line":655,"column":5}},"262":{"start":{"line":654,"column":6},"end":{"line":654,"column":90}},"263":{"start":{"line":658,"column":20},"end":{"line":658,"column":82}},"264":{"start":{"line":659,"column":4},"end":{"line":661,"column":5}},"265":{"start":{"line":660,"column":6},"end":{"line":660,"column":80}},"266":{"start":{"line":664,"column":25},"end":{"line":664,"column":56}},"267":{"start":{"line":665,"column":24},"end":{"line":665,"column":75}},"268":{"start":{"line":668,"column":21},"end":{"line":676,"column":5}},"269":{"start":{"line":679,"column":4},"end":{"line":679,"column":54}},"270":{"start":{"line":682,"column":4},"end":{"line":685,"column":6}},"271":{"start":{"line":688,"column":4},"end":{"line":688,"column":94}},"272":{"start":{"line":691,"column":4},"end":{"line":691,"column":50}},"273":{"start":{"line":692,"column":4},"end":{"line":692,"column":92}},"274":{"start":{"line":697,"column":0},"end":{"line":734,"column":3}},"275":{"start":{"line":698,"column":24},"end":{"line":698,"column":34}},"276":{"start":{"line":699,"column":23},"end":{"line":699,"column":31}},"277":{"start":{"line":701,"column":2},"end":{"line":733,"column":3}},"278":{"start":{"line":703,"column":18},"end":{"line":703,"column":76}},"279":{"start":{"line":704,"column":4},"end":{"line":706,"column":5}},"280":{"start":{"line":705,"column":6},"end":{"line":705,"column":80}},"281":{"start":{"line":709,"column":17},"end":{"line":709,"column":77}},"282":{"start":{"line":710,"column":4},"end":{"line":712,"column":5}},"283":{"start":{"line":711,"column":6},"end":{"line":711,"column":78}},"284":{"start":{"line":715,"column":4},"end":{"line":729,"column":5}},"285":{"start":{"line":717,"column":6},"end":{"line":717,"column":67}},"286":{"start":{"line":720,"column":6},"end":{"line":723,"column":8}},"287":{"start":{"line":726,"column":6},"end":{"line":726,"column":84}},"288":{"start":{"line":728,"column":6},"end":{"line":728,"column":88}},"289":{"start":{"line":731,"column":4},"end":{"line":731,"column":50}},"290":{"start":{"line":732,"column":4},"end":{"line":732,"column":92}},"291":{"start":{"line":737,"column":0},"end":{"line":770,"column":3}},"292":{"start":{"line":738,"column":40},"end":{"line":738,"column":48}},"293":{"start":{"line":740,"column":2},"end":{"line":769,"column":3}},"294":{"start":{"line":742,"column":23},"end":{"line":744,"column":6}},"295":{"start":{"line":746,"column":4},"end":{"line":748,"column":5}},"296":{"start":{"line":747,"column":6},"end":{"line":747,"column":83}},"297":{"start":{"line":751,"column":20},"end":{"line":759,"column":5}},"298":{"start":{"line":762,"column":4},"end":{"line":762,"column":52}},"299":{"start":{"line":765,"column":4},"end":{"line":765,"column":98}},"300":{"start":{"line":767,"column":4},"end":{"line":767,"column":52}},"301":{"start":{"line":768,"column":4},"end":{"line":768,"column":87}},"302":{"start":{"line":773,"column":0},"end":{"line":808,"column":3}},"303":{"start":{"line":774,"column":33},"end":{"line":774,"column":41}},"304":{"start":{"line":776,"column":2},"end":{"line":807,"column":3}},"305":{"start":{"line":778,"column":17},"end":{"line":778,"column":97}},"306":{"start":{"line":780,"column":4},"end":{"line":803,"column":5}},"307":{"start":{"line":782,"column":6},"end":{"line":788,"column":8}},"308":{"start":{"line":791,"column":6},"end":{"line":799,"column":9}},"309":{"start":{"line":802,"column":6},"end":{"line":802,"column":73}},"310":{"start":{"line":805,"column":4},"end":{"line":805,"column":48}},"311":{"start":{"line":806,"column":4},"end":{"line":806,"column":77}},"312":{"start":{"line":811,"column":0},"end":{"line":856,"column":3}},"313":{"start":{"line":812,"column":23},"end":{"line":821,"column":3}},"314":{"start":{"line":823,"column":24},"end":{"line":836,"column":3}},"315":{"start":{"line":838,"column":28},"end":{"line":838,"column":30}},"316":{"start":{"line":840,"column":2},"end":{"line":855,"column":3}},"317":{"start":{"line":842,"column":4},"end":{"line":842,"column":48}},"318":{"start":{"line":843,"column":4},"end":{"line":843,"column":49}},"319":{"start":{"line":844,"column":4},"end":{"line":844,"column":53}},"320":{"start":{"line":847,"column":4},"end":{"line":847,"column":58}},"321":{"start":{"line":848,"column":4},"end":{"line":848,"column":60}},"322":{"start":{"line":849,"column":4},"end":{"line":849,"column":68}},"323":{"start":{"line":851,"column":4},"end":{"line":851,"column":84}},"324":{"start":{"line":853,"column":4},"end":{"line":853,"column":58}},"325":{"start":{"line":854,"column":4},"end":{"line":854,"column":89}},"326":{"start":{"line":859,"column":0},"end":{"line":867,"column":3}},"327":{"start":{"line":860,"column":2},"end":{"line":866,"column":5}},"328":{"start":{"line":861,"column":4},"end":{"line":863,"column":5}},"329":{"start":{"line":862,"column":6},"end":{"line":862,"column":65}},"330":{"start":{"line":864,"column":4},"end":{"line":864,"column":35}},"331":{"start":{"line":865,"column":4},"end":{"line":865,"column":54}},"332":{"start":{"line":870,"column":0},"end":{"line":870,"column":47}},"333":{"start":{"line":873,"column":0},"end":{"line":891,"column":3}},"334":{"start":{"line":874,"column":2},"end":{"line":876,"column":3}},"335":{"start":{"line":875,"column":4},"end":{"line":875,"column":65}},"336":{"start":{"line":878,"column":23},"end":{"line":878,"column":70}},"337":{"start":{"line":881,"column":2},"end":{"line":890,"column":5}},"338":{"start":{"line":886,"column":4},"end":{"line":886,"column":97}},"339":{"start":{"line":889,"column":4},"end":{"line":889,"column":84}},"340":{"start":{"line":894,"column":0},"end":{"line":924,"column":3}},"341":{"start":{"line":895,"column":48},"end":{"line":895,"column":56}},"342":{"start":{"line":896,"column":19},"end":{"line":896,"column":64}},"343":{"start":{"line":898,"column":2},"end":{"line":923,"column":3}},"344":{"start":{"line":900,"column":17},"end":{"line":900,"column":68}},"345":{"start":{"line":901,"column":27},"end":{"line":901,"column":97}},"346":{"start":{"line":904,"column":4},"end":{"line":912,"column":7}},"347":{"start":{"line":914,"column":4},"end":{"line":914,"column":91}},"348":{"start":{"line":917,"column":4},"end":{"line":917,"column":88}},"349":{"start":{"line":919,"column":4},"end":{"line":919,"column":56}},"350":{"start":{"line":921,"column":4},"end":{"line":921,"column":57}},"351":{"start":{"line":922,"column":4},"end":{"line":922,"column":50}},"352":{"start":{"line":927,"column":0},"end":{"line":968,"column":3}},"353":{"start":{"line":928,"column":23},"end":{"line":928,"column":31}},"354":{"start":{"line":930,"column":2},"end":{"line":967,"column":3}},"355":{"start":{"line":932,"column":17},"end":{"line":932,"column":70}},"356":{"start":{"line":933,"column":4},"end":{"line":935,"column":5}},"357":{"start":{"line":934,"column":6},"end":{"line":934,"column":65}},"358":{"start":{"line":938,"column":4},"end":{"line":944,"column":6}},"359":{"start":{"line":947,"column":4},"end":{"line":952,"column":6}},"360":{"start":{"line":955,"column":4},"end":{"line":955,"column":62}},"361":{"start":{"line":958,"column":4},"end":{"line":958,"column":72}},"362":{"start":{"line":961,"column":4},"end":{"line":961,"column":60}},"363":{"start":{"line":963,"column":4},"end":{"line":963,"column":103}},"364":{"start":{"line":965,"column":4},"end":{"line":965,"column":52}},"365":{"start":{"line":966,"column":4},"end":{"line":966,"column":94}}},"fnMap":{"0":{"name":"(anonymous_0)","decl":{"start":{"line":33,"column":15},"end":{"line":33,"column":16}},"loc":{"start":{"line":33,"column":34},"end":{"line":35,"column":3}},"line":33},"1":{"name":"(anonymous_1)","decl":{"start":{"line":36,"column":12},"end":{"line":36,"column":13}},"loc":{"start":{"line":36,"column":31},"end":{"line":39,"column":3}},"line":36},"2":{"name":"(anonymous_2)","decl":{"start":{"line":44,"column":15},"end":{"line":44,"column":16}},"loc":{"start":{"line":44,"column":34},"end":{"line":46,"column":3}},"line":44},"3":{"name":"(anonymous_3)","decl":{"start":{"line":47,"column":12},"end":{"line":47,"column":13}},"loc":{"start":{"line":47,"column":31},"end":{"line":50,"column":3}},"line":47},"4":{"name":"(anonymous_4)","decl":{"start":{"line":70,"column":1},"end":{"line":70,"column":2}},"loc":{"start":{"line":70,"column":13},"end":{"line":85,"column":1}},"line":70},"5":{"name":"(anonymous_5)","decl":{"start":{"line":87,"column":20},"end":{"line":87,"column":21}},"loc":{"start":{"line":87,"column":32},"end":{"line":142,"column":1}},"line":87},"6":{"name":"(anonymous_6)","decl":{"start":{"line":91,"column":23},"end":{"line":91,"column":24}},"loc":{"start":{"line":91,"column":39},"end":{"line":116,"column":3}},"line":91},"7":{"name":"(anonymous_7)","decl":{"start":{"line":119,"column":27},"end":{"line":119,"column":28}},"loc":{"start":{"line":119,"column":57},"end":{"line":136,"column":3}},"line":119},"8":{"name":"(anonymous_8)","decl":{"start":{"line":139,"column":26},"end":{"line":139,"column":27}},"loc":{"start":{"line":139,"column":32},"end":{"line":141,"column":3}},"line":139},"9":{"name":"(anonymous_9)","decl":{"start":{"line":146,"column":20},"end":{"line":146,"column":21}},"loc":{"start":{"line":146,"column":26},"end":{"line":148,"column":1}},"line":146},"10":{"name":"(anonymous_10)","decl":{"start":{"line":151,"column":17},"end":{"line":151,"column":18}},"loc":{"start":{"line":151,"column":29},"end":{"line":163,"column":1}},"line":151},"11":{"name":"(anonymous_11)","decl":{"start":{"line":166,"column":17},"end":{"line":166,"column":18}},"loc":{"start":{"line":166,"column":33},"end":{"line":197,"column":1}},"line":166},"12":{"name":"(anonymous_12)","decl":{"start":{"line":220,"column":25},"end":{"line":220,"column":26}},"loc":{"start":{"line":220,"column":39},"end":{"line":226,"column":1}},"line":220},"13":{"name":"(anonymous_13)","decl":{"start":{"line":229,"column":19},"end":{"line":229,"column":20}},"loc":{"start":{"line":229,"column":39},"end":{"line":240,"column":1}},"line":229},"14":{"name":"(anonymous_14)","decl":{"start":{"line":243,"column":18},"end":{"line":243,"column":19}},"loc":{"start":{"line":243,"column":38},"end":{"line":251,"column":1}},"line":243},"15":{"name":"(anonymous_15)","decl":{"start":{"line":254,"column":40},"end":{"line":254,"column":41}},"loc":{"start":{"line":254,"column":60},"end":{"line":287,"column":1}},"line":254},"16":{"name":"(anonymous_16)","decl":{"start":{"line":290,"column":51},"end":{"line":290,"column":52}},"loc":{"start":{"line":290,"column":71},"end":{"line":332,"column":1}},"line":290},"17":{"name":"(anonymous_17)","decl":{"start":{"line":335,"column":22},"end":{"line":335,"column":23}},"loc":{"start":{"line":335,"column":42},"end":{"line":373,"column":1}},"line":335},"18":{"name":"(anonymous_18)","decl":{"start":{"line":376,"column":24},"end":{"line":376,"column":25}},"loc":{"start":{"line":376,"column":44},"end":{"line":395,"column":1}},"line":376},"19":{"name":"(anonymous_19)","decl":{"start":{"line":398,"column":25},"end":{"line":398,"column":26}},"loc":{"start":{"line":398,"column":45},"end":{"line":408,"column":1}},"line":398},"20":{"name":"(anonymous_20)","decl":{"start":{"line":411,"column":36},"end":{"line":411,"column":37}},"loc":{"start":{"line":411,"column":56},"end":{"line":455,"column":1}},"line":411},"21":{"name":"(anonymous_21)","decl":{"start":{"line":428,"column":48},"end":{"line":428,"column":49}},"loc":{"start":{"line":428,"column":53},"end":{"line":428,"column":65}},"line":428},"22":{"name":"(anonymous_22)","decl":{"start":{"line":458,"column":49},"end":{"line":458,"column":50}},"loc":{"start":{"line":458,"column":69},"end":{"line":490,"column":1}},"line":458},"23":{"name":"(anonymous_23)","decl":{"start":{"line":493,"column":43},"end":{"line":493,"column":44}},"loc":{"start":{"line":493,"column":63},"end":{"line":509,"column":1}},"line":493},"24":{"name":"(anonymous_24)","decl":{"start":{"line":512,"column":42},"end":{"line":512,"column":43}},"loc":{"start":{"line":512,"column":62},"end":{"line":555,"column":1}},"line":512},"25":{"name":"(anonymous_25)","decl":{"start":{"line":558,"column":37},"end":{"line":558,"column":38}},"loc":{"start":{"line":558,"column":57},"end":{"line":609,"column":1}},"line":558},"26":{"name":"(anonymous_26)","decl":{"start":{"line":612,"column":39},"end":{"line":612,"column":40}},"loc":{"start":{"line":612,"column":59},"end":{"line":644,"column":1}},"line":612},"27":{"name":"(anonymous_27)","decl":{"start":{"line":647,"column":20},"end":{"line":647,"column":21}},"loc":{"start":{"line":647,"column":40},"end":{"line":694,"column":1}},"line":647},"28":{"name":"(anonymous_28)","decl":{"start":{"line":697,"column":33},"end":{"line":697,"column":34}},"loc":{"start":{"line":697,"column":53},"end":{"line":734,"column":1}},"line":697},"29":{"name":"(anonymous_29)","decl":{"start":{"line":737,"column":22},"end":{"line":737,"column":23}},"loc":{"start":{"line":737,"column":42},"end":{"line":770,"column":1}},"line":737},"30":{"name":"(anonymous_30)","decl":{"start":{"line":773,"column":19},"end":{"line":773,"column":20}},"loc":{"start":{"line":773,"column":39},"end":{"line":808,"column":1}},"line":773},"31":{"name":"(anonymous_31)","decl":{"start":{"line":811,"column":19},"end":{"line":811,"column":20}},"loc":{"start":{"line":811,"column":39},"end":{"line":856,"column":1}},"line":811},"32":{"name":"(anonymous_32)","decl":{"start":{"line":859,"column":20},"end":{"line":859,"column":21}},"loc":{"start":{"line":859,"column":34},"end":{"line":867,"column":1}},"line":859},"33":{"name":"(anonymous_33)","decl":{"start":{"line":860,"column":22},"end":{"line":860,"column":23}},"loc":{"start":{"line":860,"column":29},"end":{"line":866,"column":3}},"line":860},"34":{"name":"(anonymous_34)","decl":{"start":{"line":873,"column":69},"end":{"line":873,"column":70}},"loc":{"start":{"line":873,"column":83},"end":{"line":891,"column":1}},"line":873},"35":{"name":"(anonymous_35)","decl":{"start":{"line":885,"column":8},"end":{"line":885,"column":9}},"loc":{"start":{"line":885,"column":14},"end":{"line":887,"column":3}},"line":885},"36":{"name":"(anonymous_36)","decl":{"start":{"line":888,"column":9},"end":{"line":888,"column":10}},"loc":{"start":{"line":888,"column":16},"end":{"line":890,"column":3}},"line":888},"37":{"name":"(anonymous_37)","decl":{"start":{"line":894,"column":54},"end":{"line":894,"column":55}},"loc":{"start":{"line":894,"column":74},"end":{"line":924,"column":1}},"line":894},"38":{"name":"(anonymous_38)","decl":{"start":{"line":927,"column":30},"end":{"line":927,"column":31}},"loc":{"start":{"line":927,"column":50},"end":{"line":968,"column":1}},"line":927}},"branchMap":{"0":{"loc":{"start":{"line":22,"column":0},"end":{"line":24,"column":1}},"type":"if","locations":[{"start":{"line":22,"column":0},"end":{"line":24,"column":1}},{"start":{},"end":{}}],"line":22},"1":{"loc":{"start":{"line":27,"column":0},"end":{"line":29,"column":1}},"type":"if","locations":[{"start":{"line":27,"column":0},"end":{"line":29,"column":1}},{"start":{},"end":{}}],"line":27},"2":{"loc":{"start":{"line":77,"column":4},"end":{"line":81,"column":5}},"type":"if","locations":[{"start":{"line":77,"column":4},"end":{"line":81,"column":5}},{"start":{"line":79,"column":11},"end":{"line":81,"column":5}}],"line":77},"3":{"loc":{"start":{"line":97,"column":29},"end":{"line":97,"column":99}},"type":"binary-expr","locations":[{"start":{"line":97,"column":29},"end":{"line":97,"column":49}},{"start":{"line":97,"column":53},"end":{"line":97,"column":99}}],"line":97},"4":{"loc":{"start":{"line":221,"column":2},"end":{"line":225,"column":3}},"type":"if","locations":[{"start":{"line":221,"column":2},"end":{"line":225,"column":3}},{"start":{"line":223,"column":9},"end":{"line":225,"column":3}}],"line":221},"5":{"loc":{"start":{"line":221,"column":6},"end":{"line":221,"column":37}},"type":"binary-expr","locations":[{"start":{"line":221,"column":6},"end":{"line":221,"column":17}},{"start":{"line":221,"column":21},"end":{"line":221,"column":37}}],"line":221},"6":{"loc":{"start":{"line":262,"column":4},"end":{"line":264,"column":5}},"type":"if","locations":[{"start":{"line":262,"column":4},"end":{"line":264,"column":5}},{"start":{},"end":{}}],"line":262},"7":{"loc":{"start":{"line":267,"column":4},"end":{"line":269,"column":5}},"type":"if","locations":[{"start":{"line":267,"column":4},"end":{"line":269,"column":5}},{"start":{},"end":{}}],"line":267},"8":{"loc":{"start":{"line":297,"column":4},"end":{"line":299,"column":5}},"type":"if","locations":[{"start":{"line":297,"column":4},"end":{"line":299,"column":5}},{"start":{},"end":{}}],"line":297},"9":{"loc":{"start":{"line":303,"column":4},"end":{"line":305,"column":5}},"type":"if","locations":[{"start":{"line":303,"column":4},"end":{"line":305,"column":5}},{"start":{},"end":{}}],"line":303},"10":{"loc":{"start":{"line":308,"column":4},"end":{"line":310,"column":5}},"type":"if","locations":[{"start":{"line":308,"column":4},"end":{"line":310,"column":5}},{"start":{},"end":{}}],"line":308},"11":{"loc":{"start":{"line":308,"column":8},"end":{"line":308,"column":78}},"type":"binary-expr","locations":[{"start":{"line":308,"column":8},"end":{"line":308,"column":37}},{"start":{"line":308,"column":41},"end":{"line":308,"column":78}}],"line":308},"12":{"loc":{"start":{"line":313,"column":4},"end":{"line":315,"column":5}},"type":"if","locations":[{"start":{"line":313,"column":4},"end":{"line":315,"column":5}},{"start":{},"end":{}}],"line":313},"13":{"loc":{"start":{"line":341,"column":4},"end":{"line":343,"column":5}},"type":"if","locations":[{"start":{"line":341,"column":4},"end":{"line":343,"column":5}},{"start":{},"end":{}}],"line":341},"14":{"loc":{"start":{"line":363,"column":14},"end":{"line":363,"column":44}},"type":"binary-expr","locations":[{"start":{"line":363,"column":14},"end":{"line":363,"column":20}},{"start":{"line":363,"column":24},"end":{"line":363,"column":44}}],"line":363},"15":{"loc":{"start":{"line":383,"column":4},"end":{"line":385,"column":5}},"type":"if","locations":[{"start":{"line":383,"column":4},"end":{"line":385,"column":5}},{"start":{},"end":{}}],"line":383},"16":{"loc":{"start":{"line":418,"column":4},"end":{"line":420,"column":5}},"type":"if","locations":[{"start":{"line":418,"column":4},"end":{"line":420,"column":5}},{"start":{},"end":{}}],"line":418},"17":{"loc":{"start":{"line":423,"column":4},"end":{"line":425,"column":5}},"type":"if","locations":[{"start":{"line":423,"column":4},"end":{"line":425,"column":5}},{"start":{},"end":{}}],"line":423},"18":{"loc":{"start":{"line":432,"column":4},"end":{"line":434,"column":5}},"type":"if","locations":[{"start":{"line":432,"column":4},"end":{"line":434,"column":5}},{"start":{},"end":{}}],"line":432},"19":{"loc":{"start":{"line":433,"column":26},"end":{"line":433,"column":78}},"type":"cond-expr","locations":[{"start":{"line":433,"column":54},"end":{"line":433,"column":71}},{"start":{"line":433,"column":74},"end":{"line":433,"column":78}}],"line":433},"20":{"loc":{"start":{"line":465,"column":4},"end":{"line":467,"column":5}},"type":"if","locations":[{"start":{"line":465,"column":4},"end":{"line":467,"column":5}},{"start":{},"end":{}}],"line":465},"21":{"loc":{"start":{"line":470,"column":4},"end":{"line":472,"column":5}},"type":"if","locations":[{"start":{"line":470,"column":4},"end":{"line":472,"column":5}},{"start":{},"end":{}}],"line":470},"22":{"loc":{"start":{"line":475,"column":4},"end":{"line":477,"column":5}},"type":"if","locations":[{"start":{"line":475,"column":4},"end":{"line":477,"column":5}},{"start":{},"end":{}}],"line":475},"23":{"loc":{"start":{"line":499,"column":4},"end":{"line":501,"column":5}},"type":"if","locations":[{"start":{"line":499,"column":4},"end":{"line":501,"column":5}},{"start":{},"end":{}}],"line":499},"24":{"loc":{"start":{"line":504,"column":25},"end":{"line":504,"column":48}},"type":"binary-expr","locations":[{"start":{"line":504,"column":25},"end":{"line":504,"column":42}},{"start":{"line":504,"column":46},"end":{"line":504,"column":48}}],"line":504},"25":{"loc":{"start":{"line":519,"column":4},"end":{"line":521,"column":5}},"type":"if","locations":[{"start":{"line":519,"column":4},"end":{"line":521,"column":5}},{"start":{},"end":{}}],"line":519},"26":{"loc":{"start":{"line":524,"column":4},"end":{"line":526,"column":5}},"type":"if","locations":[{"start":{"line":524,"column":4},"end":{"line":526,"column":5}},{"start":{},"end":{}}],"line":524},"27":{"loc":{"start":{"line":539,"column":4},"end":{"line":541,"column":5}},"type":"if","locations":[{"start":{"line":539,"column":4},"end":{"line":541,"column":5}},{"start":{},"end":{}}],"line":539},"28":{"loc":{"start":{"line":565,"column":4},"end":{"line":567,"column":5}},"type":"if","locations":[{"start":{"line":565,"column":4},"end":{"line":567,"column":5}},{"start":{},"end":{}}],"line":565},"29":{"loc":{"start":{"line":577,"column":4},"end":{"line":579,"column":5}},"type":"if","locations":[{"start":{"line":577,"column":4},"end":{"line":579,"column":5}},{"start":{},"end":{}}],"line":577},"30":{"loc":{"start":{"line":582,"column":4},"end":{"line":588,"column":5}},"type":"if","locations":[{"start":{"line":582,"column":4},"end":{"line":588,"column":5}},{"start":{},"end":{}}],"line":582},"31":{"loc":{"start":{"line":583,"column":23},"end":{"line":583,"column":99}},"type":"cond-expr","locations":[{"start":{"line":583,"column":63},"end":{"line":583,"column":92}},{"start":{"line":583,"column":95},"end":{"line":583,"column":99}}],"line":583},"32":{"loc":{"start":{"line":592,"column":4},"end":{"line":594,"column":5}},"type":"if","locations":[{"start":{"line":592,"column":4},"end":{"line":594,"column":5}},{"start":{},"end":{}}],"line":592},"33":{"loc":{"start":{"line":619,"column":4},"end":{"line":621,"column":5}},"type":"if","locations":[{"start":{"line":619,"column":4},"end":{"line":621,"column":5}},{"start":{},"end":{}}],"line":619},"34":{"loc":{"start":{"line":624,"column":4},"end":{"line":630,"column":5}},"type":"if","locations":[{"start":{"line":624,"column":4},"end":{"line":630,"column":5}},{"start":{},"end":{}}],"line":624},"35":{"loc":{"start":{"line":653,"column":4},"end":{"line":655,"column":5}},"type":"if","locations":[{"start":{"line":653,"column":4},"end":{"line":655,"column":5}},{"start":{},"end":{}}],"line":653},"36":{"loc":{"start":{"line":659,"column":4},"end":{"line":661,"column":5}},"type":"if","locations":[{"start":{"line":659,"column":4},"end":{"line":661,"column":5}},{"start":{},"end":{}}],"line":659},"37":{"loc":{"start":{"line":665,"column":24},"end":{"line":665,"column":75}},"type":"cond-expr","locations":[{"start":{"line":665,"column":39},"end":{"line":665,"column":51}},{"start":{"line":665,"column":54},"end":{"line":665,"column":75}}],"line":665},"38":{"loc":{"start":{"line":704,"column":4},"end":{"line":706,"column":5}},"type":"if","locations":[{"start":{"line":704,"column":4},"end":{"line":706,"column":5}},{"start":{},"end":{}}],"line":704},"39":{"loc":{"start":{"line":710,"column":4},"end":{"line":712,"column":5}},"type":"if","locations":[{"start":{"line":710,"column":4},"end":{"line":712,"column":5}},{"start":{},"end":{}}],"line":710},"40":{"loc":{"start":{"line":715,"column":4},"end":{"line":729,"column":5}},"type":"if","locations":[{"start":{"line":715,"column":4},"end":{"line":729,"column":5}},{"start":{"line":727,"column":11},"end":{"line":729,"column":5}}],"line":715},"41":{"loc":{"start":{"line":715,"column":8},"end":{"line":715,"column":76}},"type":"binary-expr","locations":[{"start":{"line":715,"column":8},"end":{"line":715,"column":36}},{"start":{"line":715,"column":40},"end":{"line":715,"column":76}}],"line":715},"42":{"loc":{"start":{"line":746,"column":4},"end":{"line":748,"column":5}},"type":"if","locations":[{"start":{"line":746,"column":4},"end":{"line":748,"column":5}},{"start":{},"end":{}}],"line":746},"43":{"loc":{"start":{"line":780,"column":4},"end":{"line":803,"column":5}},"type":"if","locations":[{"start":{"line":780,"column":4},"end":{"line":803,"column":5}},{"start":{"line":800,"column":11},"end":{"line":803,"column":5}}],"line":780},"44":{"loc":{"start":{"line":861,"column":4},"end":{"line":863,"column":5}},"type":"if","locations":[{"start":{"line":861,"column":4},"end":{"line":863,"column":5}},{"start":{},"end":{}}],"line":861},"45":{"loc":{"start":{"line":874,"column":2},"end":{"line":876,"column":3}},"type":"if","locations":[{"start":{"line":874,"column":2},"end":{"line":876,"column":3}},{"start":{},"end":{}}],"line":874},"46":{"loc":{"start":{"line":901,"column":27},"end":{"line":901,"column":97}},"type":"binary-expr","locations":[{"start":{"line":901,"column":27},"end":{"line":901,"column":47}},{"start":{"line":901,"column":51},"end":{"line":901,"column":97}}],"line":901},"47":{"loc":{"start":{"line":933,"column":4},"end":{"line":935,"column":5}},"type":"if","locations":[{"start":{"line":933,"column":4},"end":{"line":935,"column":5}},{"start":{},"end":{}}],"line":933}},"s":{"0":1,"1":1,"2":1,"3":1,"4":1,"5":1,"6":1,"7":1,"8":1,"9":1,"10":1,"11":1,"12":1,"13":1,"14":1,"15":1,"16":0,"17":1,"18":0,"19":1,"20":0,"21":0,"22":0,"23":1,"24":0,"25":0,"26":0,"27":1,"28":1,"29":1,"30":1,"31":1,"32":1,"33":1,"34":0,"35":0,"36":0,"37":0,"38":0,"39":0,"40":0,"41":1,"42":0,"43":0,"44":0,"45":0,"46":0,"47":0,"48":0,"49":0,"50":0,"51":0,"52":0,"53":0,"54":0,"55":0,"56":0,"57":0,"58":0,"59":0,"60":0,"61":0,"62":0,"63":1,"64":0,"65":1,"66":1,"67":1,"68":0,"69":0,"70":0,"71":1,"72":1,"73":1,"74":0,"75":0,"76":0,"77":0,"78":0,"79":0,"80":0,"81":0,"82":1,"83":1,"84":1,"85":1,"86":1,"87":0,"88":0,"89":0,"90":1,"91":0,"92":0,"93":0,"94":0,"95":0,"96":0,"97":1,"98":0,"99":0,"100":0,"101":0,"102":0,"103":1,"104":0,"105":0,"106":0,"107":0,"108":0,"109":0,"110":0,"111":0,"112":0,"113":0,"114":0,"115":0,"116":0,"117":1,"118":0,"119":0,"120":0,"121":0,"122":0,"123":0,"124":0,"125":0,"126":0,"127":0,"128":0,"129":0,"130":0,"131":0,"132":0,"133":0,"134":0,"135":0,"136":1,"137":0,"138":0,"139":0,"140":0,"141":0,"142":0,"143":0,"144":0,"145":0,"146":0,"147":0,"148":1,"149":0,"150":0,"151":0,"152":0,"153":0,"154":0,"155":0,"156":0,"157":0,"158":1,"159":0,"160":0,"161":0,"162":0,"163":0,"164":1,"165":0,"166":0,"167":0,"168":0,"169":0,"170":0,"171":0,"172":0,"173":0,"174":0,"175":0,"176":0,"177":0,"178":0,"179":0,"180":0,"181":0,"182":0,"183":1,"184":0,"185":0,"186":0,"187":0,"188":0,"189":0,"190":0,"191":0,"192":0,"193":0,"194":0,"195":0,"196":0,"197":0,"198":1,"199":0,"200":0,"201":0,"202":0,"203":0,"204":0,"205":0,"206":0,"207":1,"208":0,"209":0,"210":0,"211":0,"212":0,"213":0,"214":0,"215":0,"216":0,"217":0,"218":0,"219":0,"220":0,"221":0,"222":0,"223":0,"224":1,"225":0,"226":0,"227":0,"228":0,"229":0,"230":0,"231":0,"232":0,"233":0,"234":0,"235":0,"236":0,"237":0,"238":0,"239":0,"240":0,"241":0,"242":0,"243":0,"244":1,"245":0,"246":0,"247":0,"248":0,"249":0,"250":0,"251":0,"252":0,"253":0,"254":0,"255":0,"256":0,"257":1,"258":0,"259":0,"260":0,"261":0,"262":0,"263":0,"264":0,"265":0,"266":0,"267":0,"268":0,"269":0,"270":0,"271":0,"272":0,"273":0,"274":1,"275":0,"276":0,"277":0,"278":0,"279":0,"280":0,"281":0,"282":0,"283":0,"284":0,"285":0,"286":0,"287":0,"288":0,"289":0,"290":0,"291":1,"292":0,"293":0,"294":0,"295":0,"296":0,"297":0,"298":0,"299":0,"300":0,"301":0,"302":1,"303":0,"304":0,"305":0,"306":0,"307":0,"308":0,"309":0,"310":0,"311":0,"312":1,"313":0,"314":0,"315":0,"316":0,"317":0,"318":0,"319":0,"320":0,"321":0,"322":0,"323":0,"324":0,"325":0,"326":1,"327":0,"328":0,"329":0,"330":0,"331":0,"332":1,"333":1,"334":0,"335":0,"336":0,"337":0,"338":0,"339":0,"340":1,"341":0,"342":0,"343":0,"344":0,"345":0,"346":0,"347":0,"348":0,"349":0,"350":0,"351":0,"352":1,"353":0,"354":0,"355":0,"356":0,"357":0,"358":0,"359":0,"360":0,"361":0,"362":0,"363":0,"364":0,"365":0},"f":{"0":0,"1":0,"2":0,"3":0,"4":1,"5":0,"6":0,"7":0,"8":0,"9":0,"10":1,"11":0,"12":0,"13":0,"14":0,"15":0,"16":0,"17":0,"18":0,"19":0,"20":0,"21":0,"22":0,"23":0,"24":0,"25":0,"26":0,"27":0,"28":0,"29":0,"30":0,"31":0,"32":0,"33":0,"34":0,"35":0,"36":0,"37":0,"38":0},"b":{"0":[0,1],"1":[0,1],"2":[0,0],"3":[0,0],"4":[0,0],"5":[0,0],"6":[0,0],"7":[0,0],"8":[0,0],"9":[0,0],"10":[0,0],"11":[0,0],"12":[0,0],"13":[0,0],"14":[0,0],"15":[0,0],"16":[0,0],"17":[0,0],"18":[0,0],"19":[0,0],"20":[0,0],"21":[0,0],"22":[0,0],"23":[0,0],"24":[0,0],"25":[0,0],"26":[0,0],"27":[0,0],"28":[0,0],"29":[0,0],"30":[0,0],"31":[0,0],"32":[0,0],"33":[0,0],"34":[0,0],"35":[0,0],"36":[0,0],"37":[0,0],"38":[0,0],"39":[0,0],"40":[0,0],"41":[0,0],"42":[0,0],"43":[0,0],"44":[0,0],"45":[0,0],"46":[0,0],"47":[0,0]},"_coverageSchema":"1a1c01bbd47fc00a2c39e90264f33305004495a9","hash":"b1bf9e4bd90fc1846af4586e6aac44596b889118"}
}
