TN:
SF:backend/db.js
FN:7,connectToDatabase
FNF:1
FNH:1
FNDA:1,connectToDatabase
DA:1,1
DA:3,1
DA:4,1
DA:8,1
DA:9,1
DA:10,1
DA:11,0
DA:13,0
DA:16,0
DA:19,1
LF:10
LH:7
BRDA:8,0,0,1
BRDA:8,0,1,0
BRF:2
BRH:1
end_of_record
TN:
SF:backend/server.js
FN:33,(anonymous_0)
FN:36,(anonymous_1)
FN:44,(anonymous_2)
FN:47,(anonymous_3)
FN:70,(anonymous_4)
FN:87,(anonymous_5)
FN:91,(anonymous_6)
FN:119,(anonymous_7)
FN:139,(anonymous_8)
FN:146,(anonymous_9)
FN:151,(anonymous_10)
FN:166,(anonymous_11)
FN:220,(anonymous_12)
FN:229,(anonymous_13)
FN:243,(anonymous_14)
FN:254,(anonymous_15)
FN:290,(anonymous_16)
FN:335,(anonymous_17)
FN:376,(anonymous_18)
FN:398,(anonymous_19)
FN:411,(anonymous_20)
FN:428,(anonymous_21)
FN:458,(anonymous_22)
FN:493,(anonymous_23)
FN:512,(anonymous_24)
FN:558,(anonymous_25)
FN:612,(anonymous_26)
FN:647,(anonymous_27)
FN:697,(anonymous_28)
FN:737,(anonymous_29)
FN:773,(anonymous_30)
FN:811,(anonymous_31)
FN:859,(anonymous_32)
FN:860,(anonymous_33)
FN:873,(anonymous_34)
FN:885,(anonymous_35)
FN:888,(anonymous_36)
FN:894,(anonymous_37)
FN:927,(anonymous_38)
FNF:39
FNH:2
FNDA:0,(anonymous_0)
FNDA:0,(anonymous_1)
FNDA:0,(anonymous_2)
FNDA:0,(anonymous_3)
FNDA:1,(anonymous_4)
FNDA:0,(anonymous_5)
FNDA:0,(anonymous_6)
FNDA:0,(anonymous_7)
FNDA:0,(anonymous_8)
FNDA:0,(anonymous_9)
FNDA:1,(anonymous_10)
FNDA:0,(anonymous_11)
FNDA:0,(anonymous_12)
FNDA:0,(anonymous_13)
FNDA:0,(anonymous_14)
FNDA:0,(anonymous_15)
FNDA:0,(anonymous_16)
FNDA:0,(anonymous_17)
FNDA:0,(anonymous_18)
FNDA:0,(anonymous_19)
FNDA:0,(anonymous_20)
FNDA:0,(anonymous_21)
FNDA:0,(anonymous_22)
FNDA:0,(anonymous_23)
FNDA:0,(anonymous_24)
FNDA:0,(anonymous_25)
FNDA:0,(anonymous_26)
FNDA:0,(anonymous_27)
FNDA:0,(anonymous_28)
FNDA:0,(anonymous_29)
FNDA:0,(anonymous_30)
FNDA:0,(anonymous_31)
FNDA:0,(anonymous_32)
FNDA:0,(anonymous_33)
FNDA:0,(anonymous_34)
FNDA:0,(anonymous_35)
FNDA:0,(anonymous_36)
FNDA:0,(anonymous_37)
FNDA:0,(anonymous_38)
DA:1,1
DA:2,1
DA:3,1
DA:4,1
DA:5,1
DA:6,1
DA:7,1
DA:8,1
DA:9,1
DA:10,1
DA:11,1
DA:12,1
DA:13,1
DA:16,1
DA:19,1
DA:22,1
DA:23,0
DA:27,1
DA:28,0
DA:32,1
DA:34,0
DA:37,0
DA:38,0
DA:43,1
DA:45,0
DA:48,0
DA:49,0
DA:53,1
DA:55,1
DA:57,1
DA:67,1
DA:70,1
DA:71,1
DA:72,1
DA:73,0
DA:74,0
DA:75,0
DA:77,0
DA:78,0
DA:80,0
DA:83,0
DA:87,1
DA:88,0
DA:91,0
DA:92,0
DA:94,0
DA:96,0
DA:97,0
DA:100,0
DA:109,0
DA:112,0
DA:114,0
DA:119,0
DA:120,0
DA:121,0
DA:122,0
DA:125,0
DA:128,0
DA:131,0
DA:132,0
DA:134,0
DA:139,0
DA:140,0
DA:146,1
DA:147,0
DA:151,1
DA:152,1
DA:154,1
DA:155,0
DA:156,0
DA:158,0
DA:160,1
DA:161,1
DA:166,1
DA:167,0
DA:169,0
DA:170,0
DA:178,0
DA:179,0
DA:187,0
DA:188,0
DA:195,0
DA:201,1
DA:203,1
DA:206,1
DA:212,1
DA:220,1
DA:221,0
DA:222,0
DA:224,0
DA:229,1
DA:230,0
DA:232,0
DA:233,0
DA:235,0
DA:237,0
DA:238,0
DA:243,1
DA:244,0
DA:245,0
DA:246,0
DA:248,0
DA:249,0
DA:254,1
DA:255,0
DA:256,0
DA:258,0
DA:260,0
DA:262,0
DA:263,0
DA:267,0
DA:268,0
DA:272,0
DA:278,0
DA:281,0
DA:284,0
DA:285,0
DA:290,1
DA:291,0
DA:292,0
DA:294,0
DA:296,0
DA:297,0
DA:298,0
DA:302,0
DA:303,0
DA:304,0
DA:308,0
DA:309,0
DA:313,0
DA:314,0
DA:318,0
DA:324,0
DA:326,0
DA:329,0
DA:330,0
DA:335,1
DA:336,0
DA:338,0
DA:340,0
DA:341,0
DA:342,0
DA:346,0
DA:355,0
DA:361,0
DA:367,0
DA:370,0
DA:371,0
DA:376,1
DA:377,0
DA:379,0
DA:381,0
DA:383,0
DA:384,0
DA:388,0
DA:390,0
DA:392,0
DA:393,0
DA:398,1
DA:399,0
DA:401,0
DA:403,0
DA:405,0
DA:406,0
DA:411,1
DA:412,0
DA:413,0
DA:415,0
DA:417,0
DA:418,0
DA:419,0
DA:423,0
DA:424,0
DA:428,0
DA:431,0
DA:432,0
DA:433,0
DA:437,0
DA:443,0
DA:449,0
DA:452,0
DA:453,0
DA:458,1
DA:459,0
DA:460,0
DA:462,0
DA:464,0
DA:465,0
DA:466,0
DA:470,0
DA:471,0
DA:475,0
DA:476,0
DA:480,0
DA:485,0
DA:487,0
DA:488,0
DA:493,1
DA:494,0
DA:496,0
DA:498,0
DA:499,0
DA:500,0
DA:504,0
DA:506,0
DA:507,0
DA:512,1
DA:513,0
DA:514,0
DA:516,0
DA:518,0
DA:519,0
DA:520,0
DA:524,0
DA:525,0
DA:529,0
DA:538,0
DA:539,0
DA:540,0
DA:543,0
DA:549,0
DA:552,0
DA:553,0
DA:558,1
DA:559,0
DA:560,0
DA:562,0
DA:564,0
DA:565,0
DA:566,0
DA:570,0
DA:577,0
DA:578,0
DA:582,0
DA:583,0
DA:584,0
DA:591,0
DA:592,0
DA:593,0
DA:597,0
DA:603,0
DA:606,0
DA:607,0
DA:612,1
DA:613,0
DA:614,0
DA:616,0
DA:618,0
DA:619,0
DA:620,0
DA:624,0
DA:626,0
DA:633,0
DA:639,0
DA:641,0
DA:642,0
DA:647,1
DA:648,0
DA:650,0
DA:652,0
DA:653,0
DA:654,0
DA:658,0
DA:659,0
DA:660,0
DA:664,0
DA:665,0
DA:668,0
DA:679,0
DA:682,0
DA:688,0
DA:691,0
DA:692,0
DA:697,1
DA:698,0
DA:699,0
DA:701,0
DA:703,0
DA:704,0
DA:705,0
DA:709,0
DA:710,0
DA:711,0
DA:715,0
DA:717,0
DA:720,0
DA:726,0
DA:728,0
DA:731,0
DA:732,0
DA:737,1
DA:738,0
DA:740,0
DA:742,0
DA:746,0
DA:747,0
DA:751,0
DA:762,0
DA:765,0
DA:767,0
DA:768,0
DA:773,1
DA:774,0
DA:776,0
DA:778,0
DA:780,0
DA:782,0
DA:791,0
DA:802,0
DA:805,0
DA:806,0
DA:811,1
DA:812,0
DA:823,0
DA:838,0
DA:840,0
DA:842,0
DA:843,0
DA:844,0
DA:847,0
DA:848,0
DA:849,0
DA:851,0
DA:853,0
DA:854,0
DA:859,1
DA:860,0
DA:861,0
DA:862,0
DA:864,0
DA:865,0
DA:870,1
DA:873,1
DA:874,0
DA:875,0
DA:878,0
DA:881,0
DA:886,0
DA:889,0
DA:894,1
DA:895,0
DA:896,0
DA:898,0
DA:900,0
DA:901,0
DA:904,0
DA:914,0
DA:917,0
DA:919,0
DA:921,0
DA:922,0
DA:927,1
DA:928,0
DA:930,0
DA:932,0
DA:933,0
DA:934,0
DA:938,0
DA:947,0
DA:955,0
DA:958,0
DA:961,0
DA:963,0
DA:965,0
DA:966,0
LF:365
LH:62
BRDA:22,0,0,0
BRDA:22,0,1,1
BRDA:27,1,0,0
BRDA:27,1,1,1
BRDA:77,2,0,0
BRDA:77,2,1,0
BRDA:97,3,0,0
BRDA:97,3,1,0
BRDA:221,4,0,0
BRDA:221,4,1,0
BRDA:221,5,0,0
BRDA:221,5,1,0
BRDA:262,6,0,0
BRDA:262,6,1,0
BRDA:267,7,0,0
BRDA:267,7,1,0
BRDA:297,8,0,0
BRDA:297,8,1,0
BRDA:303,9,0,0
BRDA:303,9,1,0
BRDA:308,10,0,0
BRDA:308,10,1,0
BRDA:308,11,0,0
BRDA:308,11,1,0
BRDA:313,12,0,0
BRDA:313,12,1,0
BRDA:341,13,0,0
BRDA:341,13,1,0
BRDA:363,14,0,0
BRDA:363,14,1,0
BRDA:383,15,0,0
BRDA:383,15,1,0
BRDA:418,16,0,0
BRDA:418,16,1,0
BRDA:423,17,0,0
BRDA:423,17,1,0
BRDA:432,18,0,0
BRDA:432,18,1,0
BRDA:433,19,0,0
BRDA:433,19,1,0
BRDA:465,20,0,0
BRDA:465,20,1,0
BRDA:470,21,0,0
BRDA:470,21,1,0
BRDA:475,22,0,0
BRDA:475,22,1,0
BRDA:499,23,0,0
BRDA:499,23,1,0
BRDA:504,24,0,0
BRDA:504,24,1,0
BRDA:519,25,0,0
BRDA:519,25,1,0
BRDA:524,26,0,0
BRDA:524,26,1,0
BRDA:539,27,0,0
BRDA:539,27,1,0
BRDA:565,28,0,0
BRDA:565,28,1,0
BRDA:577,29,0,0
BRDA:577,29,1,0
BRDA:582,30,0,0
BRDA:582,30,1,0
BRDA:583,31,0,0
BRDA:583,31,1,0
BRDA:592,32,0,0
BRDA:592,32,1,0
BRDA:619,33,0,0
BRDA:619,33,1,0
BRDA:624,34,0,0
BRDA:624,34,1,0
BRDA:653,35,0,0
BRDA:653,35,1,0
BRDA:659,36,0,0
BRDA:659,36,1,0
BRDA:665,37,0,0
BRDA:665,37,1,0
BRDA:704,38,0,0
BRDA:704,38,1,0
BRDA:710,39,0,0
BRDA:710,39,1,0
BRDA:715,40,0,0
BRDA:715,40,1,0
BRDA:715,41,0,0
BRDA:715,41,1,0
BRDA:746,42,0,0
BRDA:746,42,1,0
BRDA:780,43,0,0
BRDA:780,43,1,0
BRDA:861,44,0,0
BRDA:861,44,1,0
BRDA:874,45,0,0
BRDA:874,45,1,0
BRDA:901,46,0,0
BRDA:901,46,1,0
BRDA:933,47,0,0
BRDA:933,47,1,0
BRF:96
BRH:2
end_of_record
